Feb-06 16:11:26.120 [main] DEBUG nextflow.cli.Launcher - $> nextflow run main.nf -resume
Feb-06 16:11:26.238 [main] DEBUG nextflow.cli.CmdRun - N E X T F L O W  ~  version 25.10.3
Feb-06 16:11:26.259 [main] DEBUG nextflow.plugin.PluginsFacade - Setting up plugin manager > mode=prod; embedded=false; plugins-dir=/home/nayan/.nextflow/plugins; core-plugins: nf-amazon@3.4.3,nf-azure@1.20.2,nf-cloudcache@0.5.0,nf-codecommit@0.5.0,nf-console@1.3.0,nf-google@1.23.4,nf-k8s@1.2.2,nf-tower@1.17.4,nf-wave@1.16.1
Feb-06 16:11:26.283 [main] INFO  o.pf4j.DefaultPluginStatusProvider - Enabled plugins: []
Feb-06 16:11:26.285 [main] INFO  o.pf4j.DefaultPluginStatusProvider - Disabled plugins: []
Feb-06 16:11:26.288 [main] INFO  org.pf4j.DefaultPluginManager - PF4J version 3.12.0 in 'deployment' mode
Feb-06 16:11:26.307 [main] DEBUG nextflow.util.RetryConfig - Missing nextflow session - using default retry config
Feb-06 16:11:26.460 [main] INFO  org.pf4j.AbstractPluginManager - No plugins
Feb-06 16:11:26.495 [main] DEBUG nextflow.config.ConfigBuilder - Found config local: /mnt/d/bioinfo_pipeline/nextflow.config
Feb-06 16:11:26.501 [main] DEBUG nextflow.config.ConfigBuilder - Parsing config file: /mnt/d/bioinfo_pipeline/nextflow.config
Feb-06 16:11:26.538 [main] DEBUG nextflow.config.ConfigBuilder - Applying config profile: `standard`
Feb-06 16:11:27.095 [main] DEBUG nextflow.plugin.PluginsFacade - Plugins default=[]
Feb-06 16:11:27.096 [main] DEBUG nextflow.plugin.PluginsFacade - Plugins resolved requirement=[]
Feb-06 16:11:27.119 [main] DEBUG n.secret.LocalSecretsProvider - Secrets store: /home/nayan/.nextflow/secrets/store.json
Feb-06 16:11:27.124 [main] DEBUG nextflow.secret.SecretsLoader - Discovered secrets providers: [nextflow.secret.LocalSecretsProvider@17461db] - activable => nextflow.secret.LocalSecretsProvider@17461db
Feb-06 16:11:27.142 [main] DEBUG nextflow.cli.CmdRun - Applied DSL=2 by global default
Feb-06 16:11:27.161 [main] DEBUG nextflow.cli.CmdRun - Launching `main.nf` [drunk_snyder] DSL2 - revision: ec267dfdee
Feb-06 16:11:27.212 [main] DEBUG nextflow.Session - Session UUID: 9718a60f-44f1-4af3-a352-38cfedb4a33d
Feb-06 16:11:27.212 [main] DEBUG nextflow.Session - Run name: drunk_snyder
Feb-06 16:11:27.213 [main] DEBUG nextflow.Session - Executor pool size: 18
Feb-06 16:11:27.222 [main] DEBUG nextflow.file.FilePorter - File porter settings maxRetries=3; maxTransfers=50; pollTimeout=null
Feb-06 16:11:27.229 [main] DEBUG nextflow.util.ThreadPoolBuilder - Creating thread pool 'FileTransfer' minSize=10; maxSize=54; workQueue=LinkedBlockingQueue[-1]; allowCoreThreadTimeout=false
Feb-06 16:11:27.266 [main] DEBUG nextflow.cli.CmdRun - 
  Version: 25.10.3 build 10983
  Created: 22-01-2026 15:34 UTC 
  System: Linux 6.6.87.2-microsoft-standard-WSL2
  Runtime: Groovy 4.0.28 on OpenJDK 64-Bit Server VM 17.0.14+1-b1367.22
  Encoding: UTF-8 (UTF-8)
  Process: 7715@LAPTOP-EI8VNLOQ [127.0.1.1]
  CPUs: 18 - Mem: 7.5 GB (4.9 GB) - Swap: 2 GB (2 GB)
Feb-06 16:11:27.327 [main] DEBUG nextflow.Session - Work-dir: /mnt/d/bioinfo_pipeline/work [v9fs]
Feb-06 16:11:27.328 [main] DEBUG nextflow.Session - Script base path does not exist or is not a directory: /mnt/d/bioinfo_pipeline/bin
Feb-06 16:11:27.338 [main] DEBUG nextflow.executor.ExecutorFactory - Extension executors providers=[]
Feb-06 16:11:27.347 [main] DEBUG nextflow.Session - Observer factory (v2): LinObserverFactory
Feb-06 16:11:27.353 [main] DEBUG nextflow.Session - Observer factory (v2): DefaultObserverFactory
Feb-06 16:11:27.414 [main] DEBUG nextflow.cache.CacheFactory - Using Nextflow cache factory: nextflow.cache.DefaultCacheFactory
Feb-06 16:11:27.425 [main] DEBUG nextflow.util.CustomThreadPool - Creating default thread pool > poolSize: 19; maxThreads: 1000
Feb-06 16:11:27.546 [main] DEBUG nextflow.Session - Session start
Feb-06 16:11:27.757 [main] DEBUG nextflow.script.ScriptRunner - > Launching execution
Feb-06 16:11:28.510 [main] DEBUG nextflow.executor.ExecutorFactory - << taskConfig executor: null
Feb-06 16:11:28.512 [main] DEBUG nextflow.executor.ExecutorFactory - >> processorType: 'local'
Feb-06 16:11:28.528 [main] DEBUG nextflow.executor.Executor - [warm up] executor > local
Feb-06 16:11:28.538 [main] DEBUG n.processor.LocalPollingMonitor - Creating local task monitor for executor 'local' > cpus=18; memory=7.5 GB; capacity=18; pollInterval=100ms; dumpInterval=5m
Feb-06 16:11:28.543 [main] DEBUG n.processor.TaskPollingMonitor - >>> barrier register (monitor: local)
Feb-06 16:11:28.572 [main] DEBUG nextflow.processor.TaskProcessor - Creating process 'MY_PIPELINE:QC_RAW_READS': maxForks=0; fair=false; array=0
Feb-06 16:11:28.651 [main] DEBUG nextflow.executor.ExecutorFactory - << taskConfig executor: null
Feb-06 16:11:28.652 [main] DEBUG nextflow.executor.ExecutorFactory - >> processorType: 'local'
Feb-06 16:11:28.655 [main] DEBUG nextflow.processor.TaskProcessor - Creating process 'MY_PIPELINE:READ_TRIMMING': maxForks=0; fair=false; array=0
Feb-06 16:11:28.666 [main] DEBUG nextflow.executor.ExecutorFactory - << taskConfig executor: null
Feb-06 16:11:28.666 [main] DEBUG nextflow.executor.ExecutorFactory - >> processorType: 'local'
Feb-06 16:11:28.669 [main] DEBUG nextflow.processor.TaskProcessor - Creating process 'MY_PIPELINE:QC_TRIMMED_READS': maxForks=0; fair=false; array=0
Feb-06 16:11:28.678 [main] DEBUG nextflow.executor.ExecutorFactory - << taskConfig executor: null
Feb-06 16:11:28.679 [main] DEBUG nextflow.executor.ExecutorFactory - >> processorType: 'local'
Feb-06 16:11:28.681 [main] DEBUG nextflow.processor.TaskProcessor - Creating process 'MY_PIPELINE:READ_ALIGNMENT': maxForks=0; fair=false; array=0
Feb-06 16:11:28.689 [main] DEBUG nextflow.executor.ExecutorFactory - << taskConfig executor: null
Feb-06 16:11:28.690 [main] DEBUG nextflow.executor.ExecutorFactory - >> processorType: 'local'
Feb-06 16:11:28.692 [main] DEBUG nextflow.processor.TaskProcessor - Creating process 'MY_PIPELINE:SAM_TO_BAM': maxForks=0; fair=false; array=0
Feb-06 16:11:28.699 [main] DEBUG nextflow.executor.ExecutorFactory - << taskConfig executor: null
Feb-06 16:11:28.700 [main] DEBUG nextflow.executor.ExecutorFactory - >> processorType: 'local'
Feb-06 16:11:28.702 [main] DEBUG nextflow.processor.TaskProcessor - Creating process 'MY_PIPELINE:BAM_SORT_INDEX': maxForks=0; fair=false; array=0
Feb-06 16:11:28.709 [main] DEBUG nextflow.executor.ExecutorFactory - << taskConfig executor: null
Feb-06 16:11:28.710 [main] DEBUG nextflow.executor.ExecutorFactory - >> processorType: 'local'
Feb-06 16:11:28.711 [main] DEBUG nextflow.processor.TaskProcessor - Creating process 'MY_PIPELINE:VARIANT_CALLING': maxForks=0; fair=false; array=0
Feb-06 16:11:28.755 [main] DEBUG nextflow.executor.ExecutorFactory - << taskConfig executor: null
Feb-06 16:11:28.756 [main] DEBUG nextflow.executor.ExecutorFactory - >> processorType: 'local'
Feb-06 16:11:28.758 [main] DEBUG nextflow.processor.TaskProcessor - Creating process 'MY_PIPELINE:MULTIQC': maxForks=0; fair=false; array=0
Feb-06 16:11:28.764 [main] DEBUG nextflow.Session - Workflow process names [dsl2]: MY_PIPELINE:VARIANT_CALLING, MY_PIPELINE:SAM_TO_BAM, READ_TRIMMING, MY_PIPELINE:QC_RAW_READS, MY_PIPELINE:READ_TRIMMING, MY_PIPELINE:BAM_SORT_INDEX, MULTIQC, MY_PIPELINE:READ_ALIGNMENT, VARIANT_CALLING, MY_PIPELINE:QC_TRIMMED_READS, READ_ALIGNMENT, MY_PIPELINE:MULTIQC, QC_TRIMMED_READS, SAM_TO_BAM, BAM_SORT_INDEX, QC_RAW_READS
Feb-06 16:11:28.770 [main] DEBUG nextflow.Session - Igniting dataflow network (10)
Feb-06 16:11:28.779 [main] DEBUG nextflow.processor.TaskProcessor - Starting process > MY_PIPELINE:QC_RAW_READS
Feb-06 16:11:28.781 [PathVisitor-2] DEBUG nextflow.file.PathVisitor - files for syntax: glob; folder: /mnt/d/bioinfo_pipeline/reference/; pattern: *.fa; options: [checkIfExists:true]
Feb-06 16:11:28.781 [main] DEBUG nextflow.processor.TaskProcessor - Starting process > MY_PIPELINE:READ_TRIMMING
Feb-06 16:11:28.781 [PathVisitor-1] DEBUG nextflow.file.PathVisitor - files for syntax: glob; folder: /mnt/d/bioinfo_pipeline/data/; pattern: *.fastq; options: [checkIfExists:true]
Feb-06 16:11:28.783 [main] DEBUG nextflow.processor.TaskProcessor - Starting process > MY_PIPELINE:QC_TRIMMED_READS
Feb-06 16:11:28.784 [main] DEBUG nextflow.processor.TaskProcessor - Starting process > MY_PIPELINE:READ_ALIGNMENT
Feb-06 16:11:28.786 [main] DEBUG nextflow.processor.TaskProcessor - Starting process > MY_PIPELINE:SAM_TO_BAM
Feb-06 16:11:28.787 [main] DEBUG nextflow.processor.TaskProcessor - Starting process > MY_PIPELINE:BAM_SORT_INDEX
Feb-06 16:11:28.789 [main] DEBUG nextflow.processor.TaskProcessor - Starting process > MY_PIPELINE:VARIANT_CALLING
Feb-06 16:11:28.790 [main] DEBUG nextflow.processor.TaskProcessor - Starting process > MY_PIPELINE:MULTIQC
Feb-06 16:11:28.792 [main] DEBUG nextflow.script.ScriptRunner - Parsed script files:
  Script_3f8a5bd9f2c1ec4f: /mnt/d/bioinfo_pipeline/Modules/variant_calling.nf
  Script_3eebdb2c880e8d48: /mnt/d/bioinfo_pipeline/Modules/qc_raw_reads.nf
  Script_bbbd85c83434a875: /mnt/d/bioinfo_pipeline/Modules/bam_sort_index.nf
  Script_9c7eb1f5dcfa7b23: /mnt/d/bioinfo_pipeline/Modules/read_trimming.nf
  Script_048cb08ab7b029f0: /mnt/d/bioinfo_pipeline/Modules/read_alignment.nf
  Script_3a9592033cfc6f7d: /mnt/d/bioinfo_pipeline/Modules/sam_to_bam.nf
  Script_48204e164c1529c2: /mnt/d/bioinfo_pipeline/workflows/workflow.nf
  Script_f6da5b329ad8bc69: /mnt/d/bioinfo_pipeline/Modules/multiqc.nf
  Script_5ab57b8401157f5c: /mnt/d/bioinfo_pipeline/Modules/qc_trimmed_reads.nf
  Script_fd13bfc51e7d5fdf: /mnt/d/bioinfo_pipeline/main.nf
Feb-06 16:11:28.792 [main] DEBUG nextflow.script.ScriptRunner - > Awaiting termination 
Feb-06 16:11:28.792 [main] DEBUG nextflow.Session - Session await
Feb-06 16:11:29.030 [Actor Thread 18] INFO  nextflow.processor.TaskProcessor - [4d/b6ff46] Cached process > MY_PIPELINE:READ_TRIMMING (trimming)
Feb-06 16:11:29.042 [Actor Thread 19] INFO  nextflow.processor.TaskProcessor - [7d/ab2e6a] Cached process > MY_PIPELINE:QC_RAW_READS (1)
Feb-06 16:11:29.090 [Actor Thread 15] INFO  nextflow.processor.TaskProcessor - [a3/bd3523] Cached process > MY_PIPELINE:READ_ALIGNMENT (alignment)
Feb-06 16:11:29.109 [Actor Thread 10] INFO  nextflow.processor.TaskProcessor - [b2/e9d91e] Cached process > MY_PIPELINE:QC_TRIMMED_READS (trimmed_qc)
Feb-06 16:11:29.127 [Actor Thread 9] INFO  nextflow.processor.TaskProcessor - [e5/e384d6] Cached process > MY_PIPELINE:SAM_TO_BAM (sam_to_bam)
Feb-06 16:11:29.154 [Actor Thread 15] INFO  nextflow.processor.TaskProcessor - [f4/628984] Cached process > MY_PIPELINE:BAM_SORT_INDEX (sort_index)
Feb-06 16:11:29.201 [Actor Thread 18] INFO  nextflow.processor.TaskProcessor - [e8/d113fa] Cached process > MY_PIPELINE:MULTIQC (multiqc)
Feb-06 16:11:29.255 [Task submitter] DEBUG n.executor.local.LocalTaskHandler - Launch cmd line: /bin/bash -ue .command.run
Feb-06 16:11:29.257 [Task submitter] INFO  nextflow.Session - [bf/213cf0] Submitted process > MY_PIPELINE:VARIANT_CALLING (variant_calling)
Feb-06 16:11:30.262 [Task monitor] DEBUG n.processor.TaskPollingMonitor - Task completed > TaskHandler[id: 8; name: MY_PIPELINE:VARIANT_CALLING (variant_calling); status: COMPLETED; exit: 0; error: -; workDir: /mnt/d/bioinfo_pipeline/work/bf/213cf01dbf728547ad161f4a108d47]
Feb-06 16:11:30.263 [Task monitor] DEBUG nextflow.util.ThreadPoolBuilder - Creating thread pool 'TaskFinalizer' minSize=10; maxSize=54; workQueue=LinkedBlockingQueue[-1]; allowCoreThreadTimeout=false
Feb-06 16:11:30.275 [main] DEBUG nextflow.Session - Session await > all processes finished
Feb-06 16:11:30.363 [Task monitor] DEBUG n.processor.TaskPollingMonitor - <<< barrier arrives (monitor: local) - terminating tasks monitor poll loop
Feb-06 16:11:30.364 [main] DEBUG nextflow.Session - Session await > all barriers passed
Feb-06 16:11:30.370 [main] DEBUG nextflow.util.ThreadPoolManager - Thread pool 'TaskFinalizer' shutdown completed (hard=false)
Feb-06 16:11:30.385 [main] DEBUG n.trace.WorkflowStatsObserver - Workflow completed > WorkflowStats[succeededCount=1; failedCount=0; ignoredCount=0; cachedCount=7; pendingCount=0; submittedCount=0; runningCount=0; retriesCount=0; abortedCount=0; succeedDuration=1.8s; failedDuration=0ms; cachedDuration=2m 11s;loadCpus=0; loadMemory=0; peakRunning=1; peakCpus=2; peakMemory=2 GB; ]
Feb-06 16:11:30.405 [main] DEBUG nextflow.cache.CacheDB - Closing CacheDB done
Feb-06 16:11:30.425 [main] DEBUG nextflow.util.ThreadPoolManager - Thread pool 'FileTransfer' shutdown completed (hard=false)
Feb-06 16:11:30.425 [main] DEBUG nextflow.script.ScriptRunner - > Execution complete -- Goodbye
