[bwa_index] Pack FASTA... 0.48 sec
[bwa_index] Construct BWT for the packed sequence...
[BWTIncCreate] textLength=101636936, availableWord=19151484
[BWTIncConstructFromPacked] 10 iterations done. 31590664 characters processed.
[BWTIncConstructFromPacked] 20 iterations done. 58359704 characters processed.
[BWTIncConstructFromPacked] 30 iterations done. 82148056 characters processed.
[BWTIncConstructFromPacked] 40 iterations done. 101636936 characters processed.
[bwt_gen] Finished constructing BWT in 40 iterations.
[bwa_index] 30.16 seconds elapse.
[bwa_index] Update BWT... 0.20 sec
[bwa_index] Pack forward-only FASTA... 0.22 sec
[bwa_index] Construct SA from BWT and Occ... 14.25 sec
[main] Version: 0.7.19-r1273
[main] CMD: /home/nayan/miniconda3/envs/bnf/bin/bwa index chr22.fa
[main] Real time: 48.204 sec; CPU: 45.307 sec
[M::bwa_idx_load_from_disk] read 0 ALT contigs
[M::process] read 13853 sequences (3205586 bp)...
[M::mem_process_seqs] Processed 13853 reads in 1.721 CPU sec, 1.691 real sec
[main] Version: 0.7.19-r1273
[main] CMD: /home/nayan/miniconda3/envs/bnf/bin/bwa mem chr22.fa sample_trimmed.fastq
[main] Real time: 2.373 sec; CPU: 1.810 sec
