[2026-02-06 15:53:21,986] multiqc                                            [DEBUG  ]  This is MultiQC v1.18
[2026-02-06 15:53:21,987] multiqc                                            [DEBUG  ]  Command used: /usr/bin/multiqc .
[2026-02-06 15:53:23,636] multiqc                                            [WARNING]  MultiQC Version v1.33 now available!
[2026-02-06 15:53:23,636] multiqc                                            [DEBUG  ]  Working dir : /mnt/d/bioinfo_pipeline/work/e8/d113fa1ff433db85430849a094878c
[2026-02-06 15:53:23,636] multiqc                                            [DEBUG  ]  Template    : default
[2026-02-06 15:53:23,636] multiqc                                            [DEBUG  ]  Running Python 3.12.3 (main, Jan  8 2026, 11:30:50) [GCC 13.3.0]
[2026-02-06 15:53:23,637] multiqc                                            [DEBUG  ]  Analysing modules: custom_content, ccs, ngsderive, purple, conpair, lima, peddy, somalier, methylQA, mosdepth, phantompeakqualtools, qualimap, preseq, hifiasm, quast, qorts, rna_seqc, rockhopper, rsem, rseqc, busco, bustools, goleft_indexcov, gffcompare, disambiguate, supernova, deeptools, sargasso, verifybamid, mirtrace, happy, mirtop, sambamba, gopeaks, homer, hops, macs2, theta2, snpeff, gatk, htseq, bcftools, featureCounts, fgbio, dragen, dragen_fastqc, dedup, pbmarkdup, damageprofiler, mapdamage, biobambam2, jcvi, mtnucratio, picard, vep, bakta, prokka, qc3C, nanostat, samblaster, samtools, sexdeterrmine, seqera_cli, eigenstratdatabasetools, bamtools, jellyfish, vcftools, longranger, stacks, varscan2, snippy, umitools, truvari, bbmap, bismark, biscuit, diamond, hicexplorer, hicup, hicpro, salmon, kallisto, slamdunk, star, hisat2, tophat, bowtie2, bowtie1, cellranger, snpsplit, odgi, pangolin, nextclade, freyja, humid, kat, leehom, librarian, adapterRemoval, bbduk, clipandmerge, cutadapt, flexbar, sourmash, kaiju, bracken, kraken, malt, motus, trimmomatic, sickle, skewer, sortmerna, biobloomtools, fastq_screen, afterqc, fastp, fastqc, filtlong, prinseqplusplus, pychopper, porechop, pycoqc, minionqc, anglerfish, multivcfanalyzer, clusterflow, checkqc, bcl2fastq, bclconvert, interop, ivar, flash, seqyclean, optitype, whatshap, xenome, xengsort
[2026-02-06 15:53:23,637] multiqc                                            [DEBUG  ]  Using temporary directory for creating report: /tmp/tmptotisorh
[2026-02-06 15:53:23,643] multiqc                                            [INFO   ]  Search path : /mnt/d/bioinfo_pipeline/work/e8/d113fa1ff433db85430849a094878c
[2026-02-06 15:53:24,019] multiqc                                            [DEBUG  ]  Summary of files that were skipped by the search: [skipped_module_specific_max_filesize: 27] // [skipped_no_match: 8]
[2026-02-06 15:53:26,178] multiqc.plots.bargraph                             [DEBUG  ]  Using matplotlib version 3.6.3
[2026-02-06 15:53:26,179] multiqc.plots.linegraph                            [DEBUG  ]  Using matplotlib version 3.6.3
[2026-02-06 15:53:26,179] multiqc                                            [DEBUG  ]  No samples found: custom_content
[2026-02-06 15:53:26,190] multiqc.modules.fastqc.fastqc                      [INFO   ]  Found 2 reports
[2026-02-06 15:53:26,207] multiqc.utils.software_versions                    [DEBUG  ]  Reading software versions from config.software_versions
[2026-02-06 15:53:26,211] multiqc                                            [DEBUG  ]  Compressing plot data
[2026-02-06 15:53:26,223] multiqc                                            [INFO   ]  Report      : multiqc_report.html
[2026-02-06 15:53:26,224] multiqc                                            [INFO   ]  Data        : multiqc_data
[2026-02-06 15:53:26,224] multiqc                                            [DEBUG  ]  Moving data file from '/tmp/tmptotisorh/multiqc_data' to '/mnt/d/bioinfo_pipeline/work/e8/d113fa1ff433db85430849a094878c/multiqc_data'
[2026-02-06 15:53:26,251] multiqc                                            [DEBUG  ]  Full report path: /mnt/d/bioinfo_pipeline/work/e8/d113fa1ff433db85430849a094878c/multiqc_report.html
[2026-02-06 15:53:26,280] multiqc                                            [ERROR  ]  Could not include file 'assets/js/packages/jszip.min.js': [Errno 2] No such file or directory: '/tmp/tmptotisorh/assets/js/packages/jszip.min.js'
[2026-02-06 15:53:26,350] multiqc                                            [INFO   ]  MultiQC complete
